<?xml version="1.0" encoding="UTF-8"?>
<!-- Generated by org.testng.reporters.JUnitReportReporter -->
<testsuite skipped="0" hostname="Amol-PC" name="com.jbk.ExtentReport" tests="1" failures="0" timestamp="26 Feb 2019 06:29:43 GMT" time="1.385" errors="0">
  <testcase name="loginTest" time="1.385" classname="com.jbk.ExtentReport"/>
</testsuite> <!-- com.jbk.ExtentReport -->
