<?xml version="1.0" encoding="UTF-8"?>
<!-- Generated by org.testng.reporters.JUnitReportReporter -->
<testsuite skipped="0" hostname="Amol-PC" name="com.jbk.ExtentReport" tests="1" failures="0" timestamp="22 Jan 2019 18:18:05 GMT" time="2.388" errors="0">
  <testcase name="loginTest" time="2.388" classname="com.jbk.ExtentReport"/>
</testsuite> <!-- com.jbk.ExtentReport -->
